Starting two-stage hyperparameter tuning
STAGE 1: Shallow pass on all 145 parameter combinations
Pass: 001/145 | Time: 0:00:26 | Avg MSE: 257.537380 | Params: iter=200, depth=2, lr=0.050000, min=3, sub=0.850000
Pass: 002/145 | Time: 0:00:46 | Avg MSE: 254.322989 | Params: iter=175, depth=2, lr=0.052500, min=2, sub=0.870000
Pass: 003/145 | Time: 0:01:07 | Avg MSE: 252.263905 | Params: iter=175, depth=2, lr=0.052500, min=2, sub=0.900000
Pass: 004/145 | Time: 0:01:27 | Avg MSE: 256.026343 | Params: iter=175, depth=2, lr=0.052500, min=2, sub=0.925000
Pass: 005/145 | Time: 0:01:46 | Avg MSE: 255.535870 | Params: iter=175, depth=2, lr=0.052500, min=3, sub=0.870000
Pass: 006/145 | Time: 0:02:04 | Avg MSE: 254.580262 | Params: iter=175, depth=2, lr=0.052500, min=3, sub=0.900000
Pass: 007/145 | Time: 0:02:24 | Avg MSE: 255.193358 | Params: iter=175, depth=2, lr=0.052500, min=3, sub=0.925000
Pass: 008/145 | Time: 0:02:45 | Avg MSE: 258.093337 | Params: iter=175, depth=2, lr=0.052500, min=4, sub=0.870000
Pass: 009/145 | Time: 0:03:04 | Avg MSE: 253.827337 | Params: iter=175, depth=2, lr=0.052500, min=4, sub=0.900000
Pass: 010/145 | Time: 0:03:25 | Avg MSE: 253.443036 | Params: iter=175, depth=2, lr=0.052500, min=4, sub=0.925000
Pass: 011/145 | Time: 0:03:46 | Avg MSE: 258.876129 | Params: iter=175, depth=2, lr=0.052500, min=6, sub=0.870000
Pass: 012/145 | Time: 0:04:05 | Avg MSE: 253.952228 | Params: iter=175, depth=2, lr=0.052500, min=6, sub=0.900000
Pass: 013/145 | Time: 0:04:26 | Avg MSE: 256.276072 | Params: iter=175, depth=2, lr=0.052500, min=6, sub=0.925000
Pass: 014/145 | Time: 0:04:47 | Avg MSE: 251.428934 | Params: iter=175, depth=2, lr=0.055000, min=2, sub=0.870000
Pass: 015/145 | Time: 0:05:08 | Avg MSE: 251.562720 | Params: iter=175, depth=2, lr=0.055000, min=2, sub=0.900000
Pass: 016/145 | Time: 0:05:27 | Avg MSE: 253.239520 | Params: iter=175, depth=2, lr=0.055000, min=2, sub=0.925000
Pass: 017/145 | Time: 0:05:46 | Avg MSE: 252.333041 | Params: iter=175, depth=2, lr=0.055000, min=3, sub=0.870000
Pass: 018/145 | Time: 0:06:07 | Avg MSE: 255.611721 | Params: iter=175, depth=2, lr=0.055000, min=3, sub=0.900000
Pass: 019/145 | Time: 0:06:28 | Avg MSE: 254.010295 | Params: iter=175, depth=2, lr=0.055000, min=3, sub=0.925000
Pass: 020/145 | Time: 0:06:48 | Avg MSE: 254.856332 | Params: iter=175, depth=2, lr=0.055000, min=4, sub=0.870000
Pass: 021/145 | Time: 0:07:09 | Avg MSE: 251.378021 | Params: iter=175, depth=2, lr=0.055000, min=4, sub=0.900000
Pass: 022/145 | Time: 0:07:30 | Avg MSE: 252.806817 | Params: iter=175, depth=2, lr=0.055000, min=4, sub=0.925000
Pass: 023/145 | Time: 0:07:57 | Avg MSE: 258.456867 | Params: iter=175, depth=2, lr=0.055000, min=6, sub=0.870000
Pass: 024/145 | Time: 0:08:21 | Avg MSE: 256.096255 | Params: iter=175, depth=2, lr=0.055000, min=6, sub=0.900000
Pass: 025/145 | Time: 0:08:41 | Avg MSE: 257.588335 | Params: iter=175, depth=2, lr=0.055000, min=6, sub=0.925000
Pass: 026/145 | Time: 0:09:01 | Avg MSE: 256.730061 | Params: iter=175, depth=2, lr=0.060000, min=2, sub=0.870000
Pass: 027/145 | Time: 0:09:22 | Avg MSE: 250.443853 | Params: iter=175, depth=2, lr=0.060000, min=2, sub=0.900000
Pass: 028/145 | Time: 0:09:43 | Avg MSE: 252.700145 | Params: iter=175, depth=2, lr=0.060000, min=2, sub=0.925000
Pass: 029/145 | Time: 0:10:03 | Avg MSE: 252.622395 | Params: iter=175, depth=2, lr=0.060000, min=3, sub=0.870000
Pass: 030/145 | Time: 0:10:24 | Avg MSE: 254.955671 | Params: iter=175, depth=2, lr=0.060000, min=3, sub=0.900000
Pass: 031/145 | Time: 0:10:44 | Avg MSE: 249.237311 | Params: iter=175, depth=2, lr=0.060000, min=3, sub=0.925000
Pass: 032/145 | Time: 0:11:05 | Avg MSE: 256.388217 | Params: iter=175, depth=2, lr=0.060000, min=4, sub=0.870000
Pass: 033/145 | Time: 0:11:28 | Avg MSE: 256.901150 | Params: iter=175, depth=2, lr=0.060000, min=4, sub=0.900000
Pass: 034/145 | Time: 0:11:48 | Avg MSE: 252.718685 | Params: iter=175, depth=2, lr=0.060000, min=4, sub=0.925000
Pass: 035/145 | Time: 0:12:12 | Avg MSE: 254.682490 | Params: iter=175, depth=2, lr=0.060000, min=6, sub=0.870000
Pass: 036/145 | Time: 0:12:32 | Avg MSE: 255.100061 | Params: iter=175, depth=2, lr=0.060000, min=6, sub=0.900000
Pass: 037/145 | Time: 0:12:52 | Avg MSE: 255.270276 | Params: iter=175, depth=2, lr=0.060000, min=6, sub=0.925000
Pass: 038/145 | Time: 0:13:13 | Avg MSE: 253.816106 | Params: iter=190, depth=2, lr=0.052500, min=2, sub=0.870000
Pass: 039/145 | Time: 0:13:36 | Avg MSE: 251.472239 | Params: iter=190, depth=2, lr=0.052500, min=2, sub=0.900000
Pass: 040/145 | Time: 0:13:58 | Avg MSE: 255.413889 | Params: iter=190, depth=2, lr=0.052500, min=2, sub=0.925000
Pass: 041/145 | Time: 0:14:19 | Avg MSE: 253.433536 | Params: iter=190, depth=2, lr=0.052500, min=3, sub=0.870000
Pass: 042/145 | Time: 0:14:41 | Avg MSE: 254.963325 | Params: iter=190, depth=2, lr=0.052500, min=3, sub=0.900000
Pass: 043/145 | Time: 0:15:03 | Avg MSE: 254.090027 | Params: iter=190, depth=2, lr=0.052500, min=3, sub=0.925000
Pass: 044/145 | Time: 0:15:24 | Avg MSE: 256.065222 | Params: iter=190, depth=2, lr=0.052500, min=4, sub=0.870000
Pass: 045/145 | Time: 0:15:45 | Avg MSE: 252.928161 | Params: iter=190, depth=2, lr=0.052500, min=4, sub=0.900000
Pass: 046/145 | Time: 0:16:07 | Avg MSE: 252.686899 | Params: iter=190, depth=2, lr=0.052500, min=4, sub=0.925000
Pass: 047/145 | Time: 0:16:30 | Avg MSE: 257.714053 | Params: iter=190, depth=2, lr=0.052500, min=6, sub=0.870000
Pass: 048/145 | Time: 0:16:53 | Avg MSE: 252.478778 | Params: iter=190, depth=2, lr=0.052500, min=6, sub=0.900000
Pass: 049/145 | Time: 0:17:15 | Avg MSE: 255.819260 | Params: iter=190, depth=2, lr=0.052500, min=6, sub=0.925000
Pass: 050/145 | Time: 0:17:39 | Avg MSE: 250.686194 | Params: iter=190, depth=2, lr=0.055000, min=2, sub=0.870000
Pass: 051/145 | Time: 0:18:03 | Avg MSE: 251.342668 | Params: iter=190, depth=2, lr=0.055000, min=2, sub=0.900000
Pass: 052/145 | Time: 0:18:30 | Avg MSE: 251.059731 | Params: iter=190, depth=2, lr=0.055000, min=2, sub=0.925000
Pass: 053/145 | Time: 0:18:54 | Avg MSE: 251.528574 | Params: iter=190, depth=2, lr=0.055000, min=3, sub=0.870000
Pass: 054/145 | Time: 0:19:14 | Avg MSE: 254.557447 | Params: iter=190, depth=2, lr=0.055000, min=3, sub=0.900000
Pass: 055/145 | Time: 0:19:38 | Avg MSE: 251.964780 | Params: iter=190, depth=2, lr=0.055000, min=3, sub=0.925000
Pass: 056/145 | Time: 0:20:01 | Avg MSE: 253.005462 | Params: iter=190, depth=2, lr=0.055000, min=4, sub=0.870000
Pass: 057/145 | Time: 0:20:22 | Avg MSE: 250.863994 | Params: iter=190, depth=2, lr=0.055000, min=4, sub=0.900000
Pass: 058/145 | Time: 0:20:42 | Avg MSE: 252.753593 | Params: iter=190, depth=2, lr=0.055000, min=4, sub=0.925000
Pass: 059/145 | Time: 0:21:02 | Avg MSE: 256.829688 | Params: iter=190, depth=2, lr=0.055000, min=6, sub=0.870000
Pass: 060/145 | Time: 0:21:23 | Avg MSE: 256.257462 | Params: iter=190, depth=2, lr=0.055000, min=6, sub=0.900000
Pass: 061/145 | Time: 0:21:47 | Avg MSE: 256.077475 | Params: iter=190, depth=2, lr=0.055000, min=6, sub=0.925000
Pass: 062/145 | Time: 0:22:10 | Avg MSE: 254.617395 | Params: iter=190, depth=2, lr=0.060000, min=2, sub=0.870000
Pass: 063/145 | Time: 0:22:32 | Avg MSE: 250.571025 | Params: iter=190, depth=2, lr=0.060000, min=2, sub=0.900000
Pass: 064/145 | Time: 0:22:53 | Avg MSE: 252.099730 | Params: iter=190, depth=2, lr=0.060000, min=2, sub=0.925000
Pass: 065/145 | Time: 0:23:15 | Avg MSE: 251.013292 | Params: iter=190, depth=2, lr=0.060000, min=3, sub=0.870000
Pass: 066/145 | Time: 0:23:37 | Avg MSE: 254.433524 | Params: iter=190, depth=2, lr=0.060000, min=3, sub=0.900000
Pass: 067/145 | Time: 0:23:58 | Avg MSE: 249.013690 | Params: iter=190, depth=2, lr=0.060000, min=3, sub=0.925000
Pass: 068/145 | Time: 0:24:21 | Avg MSE: 254.138901 | Params: iter=190, depth=2, lr=0.060000, min=4, sub=0.870000
Pass: 069/145 | Time: 0:24:45 | Avg MSE: 256.395691 | Params: iter=190, depth=2, lr=0.060000, min=4, sub=0.900000
Pass: 070/145 | Time: 0:25:06 | Avg MSE: 252.210172 | Params: iter=190, depth=2, lr=0.060000, min=4, sub=0.925000
Pass: 071/145 | Time: 0:25:28 | Avg MSE: 253.785905 | Params: iter=190, depth=2, lr=0.060000, min=6, sub=0.870000
Pass: 072/145 | Time: 0:25:51 | Avg MSE: 255.169365 | Params: iter=190, depth=2, lr=0.060000, min=6, sub=0.900000
Pass: 073/145 | Time: 0:26:14 | Avg MSE: 254.038377 | Params: iter=190, depth=2, lr=0.060000, min=6, sub=0.925000
Pass: 074/145 | Time: 0:26:39 | Avg MSE: 252.558924 | Params: iter=210, depth=2, lr=0.052500, min=2, sub=0.870000
Pass: 075/145 | Time: 0:27:05 | Avg MSE: 251.165607 | Params: iter=210, depth=2, lr=0.052500, min=2, sub=0.900000
Pass: 076/145 | Time: 0:27:30 | Avg MSE: 255.440145 | Params: iter=210, depth=2, lr=0.052500, min=2, sub=0.925000
Pass: 077/145 | Time: 0:27:55 | Avg MSE: 254.779843 | Params: iter=210, depth=2, lr=0.052500, min=3, sub=0.870000
Pass: 078/145 | Time: 0:28:20 | Avg MSE: 255.131205 | Params: iter=210, depth=2, lr=0.052500, min=3, sub=0.900000
Pass: 079/145 | Time: 0:28:45 | Avg MSE: 252.140561 | Params: iter=210, depth=2, lr=0.052500, min=3, sub=0.925000
Pass: 080/145 | Time: 0:29:07 | Avg MSE: 255.198256 | Params: iter=210, depth=2, lr=0.052500, min=4, sub=0.870000
Pass: 081/145 | Time: 0:29:33 | Avg MSE: 251.606540 | Params: iter=210, depth=2, lr=0.052500, min=4, sub=0.900000
Pass: 082/145 | Time: 0:29:58 | Avg MSE: 249.678422 | Params: iter=210, depth=2, lr=0.052500, min=4, sub=0.925000
Pass: 083/145 | Time: 0:30:22 | Avg MSE: 259.036917 | Params: iter=210, depth=2, lr=0.052500, min=6, sub=0.870000
Pass: 084/145 | Time: 0:30:46 | Avg MSE: 252.782129 | Params: iter=210, depth=2, lr=0.052500, min=6, sub=0.900000
Pass: 085/145 | Time: 0:31:10 | Avg MSE: 253.880835 | Params: iter=210, depth=2, lr=0.052500, min=6, sub=0.925000
Pass: 086/145 | Time: 0:31:34 | Avg MSE: 250.673599 | Params: iter=210, depth=2, lr=0.055000, min=2, sub=0.870000
Pass: 087/145 | Time: 0:32:00 | Avg MSE: 249.869224 | Params: iter=210, depth=2, lr=0.055000, min=2, sub=0.900000
Pass: 088/145 | Time: 0:32:24 | Avg MSE: 249.860419 | Params: iter=210, depth=2, lr=0.055000, min=2, sub=0.925000
Pass: 089/145 | Time: 0:32:47 | Avg MSE: 252.673697 | Params: iter=210, depth=2, lr=0.055000, min=3, sub=0.870000
Pass: 090/145 | Time: 0:33:13 | Avg MSE: 254.447079 | Params: iter=210, depth=2, lr=0.055000, min=3, sub=0.900000
Pass: 091/145 | Time: 0:33:37 | Avg MSE: 249.772514 | Params: iter=210, depth=2, lr=0.055000, min=3, sub=0.925000
Pass: 092/145 | Time: 0:34:01 | Avg MSE: 254.379615 | Params: iter=210, depth=2, lr=0.055000, min=4, sub=0.870000
Pass: 093/145 | Time: 0:34:26 | Avg MSE: 251.470462 | Params: iter=210, depth=2, lr=0.055000, min=4, sub=0.900000
Pass: 094/145 | Time: 0:34:52 | Avg MSE: 250.433842 | Params: iter=210, depth=2, lr=0.055000, min=4, sub=0.925000
Pass: 095/145 | Time: 0:35:19 | Avg MSE: 256.216073 | Params: iter=210, depth=2, lr=0.055000, min=6, sub=0.870000
Pass: 096/145 | Time: 0:35:43 | Avg MSE: 256.465668 | Params: iter=210, depth=2, lr=0.055000, min=6, sub=0.900000
Pass: 097/145 | Time: 0:36:07 | Avg MSE: 255.442978 | Params: iter=210, depth=2, lr=0.055000, min=6, sub=0.925000
Pass: 098/145 | Time: 0:36:31 | Avg MSE: 253.412211 | Params: iter=210, depth=2, lr=0.060000, min=2, sub=0.870000
Pass: 099/145 | Time: 0:36:56 | Avg MSE: 250.039084 | Params: iter=210, depth=2, lr=0.060000, min=2, sub=0.900000
Pass: 100/145 | Time: 0:37:22 | Avg MSE: 249.089469 | Params: iter=210, depth=2, lr=0.060000, min=2, sub=0.925000
Pass: 101/145 | Time: 0:37:47 | Avg MSE: 251.542607 | Params: iter=210, depth=2, lr=0.060000, min=3, sub=0.870000
Pass: 102/145 | Time: 0:38:11 | Avg MSE: 254.145820 | Params: iter=210, depth=2, lr=0.060000, min=3, sub=0.900000
Pass: 103/145 | Time: 0:38:37 | Avg MSE: 247.450523 | Params: iter=210, depth=2, lr=0.060000, min=3, sub=0.925000
Pass: 104/145 | Time: 0:39:02 | Avg MSE: 253.423146 | Params: iter=210, depth=2, lr=0.060000, min=4, sub=0.870000
Pass: 105/145 | Time: 0:39:29 | Avg MSE: 254.307486 | Params: iter=210, depth=2, lr=0.060000, min=4, sub=0.900000
Pass: 106/145 | Time: 0:39:56 | Avg MSE: 251.814420 | Params: iter=210, depth=2, lr=0.060000, min=4, sub=0.925000
Pass: 107/145 | Time: 0:40:21 | Avg MSE: 255.358439 | Params: iter=210, depth=2, lr=0.060000, min=6, sub=0.870000
Pass: 108/145 | Time: 0:40:48 | Avg MSE: 255.058414 | Params: iter=210, depth=2, lr=0.060000, min=6, sub=0.900000
Pass: 109/145 | Time: 0:41:18 | Avg MSE: 252.206262 | Params: iter=210, depth=2, lr=0.060000, min=6, sub=0.925000
Pass: 110/145 | Time: 0:41:47 | Avg MSE: 253.067075 | Params: iter=225, depth=2, lr=0.052500, min=2, sub=0.870000
Pass: 111/145 | Time: 0:42:14 | Avg MSE: 249.951297 | Params: iter=225, depth=2, lr=0.052500, min=2, sub=0.900000
Pass: 112/145 | Time: 0:42:46 | Avg MSE: 254.248778 | Params: iter=225, depth=2, lr=0.052500, min=2, sub=0.925000
Pass: 113/145 | Time: 0:43:13 | Avg MSE: 253.501193 | Params: iter=225, depth=2, lr=0.052500, min=3, sub=0.870000
Pass: 114/145 | Time: 0:43:42 | Avg MSE: 253.008863 | Params: iter=225, depth=2, lr=0.052500, min=3, sub=0.900000
Pass: 115/145 | Time: 0:44:07 | Avg MSE: 251.000053 | Params: iter=225, depth=2, lr=0.052500, min=3, sub=0.925000
Pass: 116/145 | Time: 0:44:31 | Avg MSE: 254.728446 | Params: iter=225, depth=2, lr=0.052500, min=4, sub=0.870000
Pass: 117/145 | Time: 0:44:56 | Avg MSE: 251.322344 | Params: iter=225, depth=2, lr=0.052500, min=4, sub=0.900000
Pass: 118/145 | Time: 0:45:21 | Avg MSE: 248.957479 | Params: iter=225, depth=2, lr=0.052500, min=4, sub=0.925000
Pass: 119/145 | Time: 0:45:45 | Avg MSE: 256.684158 | Params: iter=225, depth=2, lr=0.052500, min=6, sub=0.870000
Pass: 120/145 | Time: 0:46:11 | Avg MSE: 253.536412 | Params: iter=225, depth=2, lr=0.052500, min=6, sub=0.900000
Pass: 121/145 | Time: 0:46:36 | Avg MSE: 251.542935 | Params: iter=225, depth=2, lr=0.052500, min=6, sub=0.925000
Pass: 122/145 | Time: 0:47:04 | Avg MSE: 250.313821 | Params: iter=225, depth=2, lr=0.055000, min=2, sub=0.870000
Pass: 123/145 | Time: 0:47:31 | Avg MSE: 250.373115 | Params: iter=225, depth=2, lr=0.055000, min=2, sub=0.900000
Pass: 124/145 | Time: 0:47:56 | Avg MSE: 248.014996 | Params: iter=225, depth=2, lr=0.055000, min=2, sub=0.925000
Pass: 125/145 | Time: 0:48:20 | Avg MSE: 250.465540 | Params: iter=225, depth=2, lr=0.055000, min=3, sub=0.870000
Pass: 126/145 | Time: 0:48:43 | Avg MSE: 252.992633 | Params: iter=225, depth=2, lr=0.055000, min=3, sub=0.900000
Pass: 127/145 | Time: 0:49:06 | Avg MSE: 248.294381 | Params: iter=225, depth=2, lr=0.055000, min=3, sub=0.925000
Pass: 128/145 | Time: 0:49:30 | Avg MSE: 251.719542 | Params: iter=225, depth=2, lr=0.055000, min=4, sub=0.870000
Pass: 129/145 | Time: 0:49:54 | Avg MSE: 251.500854 | Params: iter=225, depth=2, lr=0.055000, min=4, sub=0.900000
Pass: 130/145 | Time: 0:50:18 | Avg MSE: 248.741635 | Params: iter=225, depth=2, lr=0.055000, min=4, sub=0.925000
Pass: 131/145 | Time: 0:50:42 | Avg MSE: 256.462564 | Params: iter=225, depth=2, lr=0.055000, min=6, sub=0.870000
Pass: 132/145 | Time: 0:51:06 | Avg MSE: 255.346037 | Params: iter=225, depth=2, lr=0.055000, min=6, sub=0.900000
Pass: 133/145 | Time: 0:51:29 | Avg MSE: 254.297542 | Params: iter=225, depth=2, lr=0.055000, min=6, sub=0.925000
Pass: 134/145 | Time: 0:51:52 | Avg MSE: 253.528936 | Params: iter=225, depth=2, lr=0.060000, min=2, sub=0.870000
Pass: 135/145 | Time: 0:52:17 | Avg MSE: 249.810311 | Params: iter=225, depth=2, lr=0.060000, min=2, sub=0.900000
Pass: 136/145 | Time: 0:52:41 | Avg MSE: 249.296953 | Params: iter=225, depth=2, lr=0.060000, min=2, sub=0.925000
Pass: 137/145 | Time: 0:53:06 | Avg MSE: 250.953612 | Params: iter=225, depth=2, lr=0.060000, min=3, sub=0.870000
Pass: 138/145 | Time: 0:53:30 | Avg MSE: 254.670376 | Params: iter=225, depth=2, lr=0.060000, min=3, sub=0.900000
Pass: 139/145 | Time: 0:53:54 | Avg MSE: 244.570363 | Params: iter=225, depth=2, lr=0.060000, min=3, sub=0.925000
Pass: 140/145 | Time: 0:54:17 | Avg MSE: 252.077019 | Params: iter=225, depth=2, lr=0.060000, min=4, sub=0.870000
Pass: 141/145 | Time: 0:54:42 | Avg MSE: 254.777143 | Params: iter=225, depth=2, lr=0.060000, min=4, sub=0.900000
Pass: 142/145 | Time: 0:55:07 | Avg MSE: 250.008259 | Params: iter=225, depth=2, lr=0.060000, min=4, sub=0.925000
Pass: 143/145 | Time: 0:55:33 | Avg MSE: 255.541876 | Params: iter=225, depth=2, lr=0.060000, min=6, sub=0.870000
Pass: 144/145 | Time: 0:55:58 | Avg MSE: 253.865247 | Params: iter=225, depth=2, lr=0.060000, min=6, sub=0.900000
Pass: 145/145 | Time: 0:56:21 | Avg MSE: 250.087832 | Params: iter=225, depth=2, lr=0.060000, min=6, sub=0.925000
STAGE 1 Complete. Identifying top 5 candidates
Top 5 candidates selected plus control. Starting STAGE 2: Full cross-validation.
Pass: 001/006 | Time: 0:58:08 | Avg MSE: 261.317058 | Params: iter=200, depth=2, lr=0.050000, min=3, sub=0.850000
Pass: 002/006 | Time: 1:03:38 | Avg MSE: 256.976367 | Params: iter=225, depth=2, lr=0.060000, min=3, sub=0.925000
Pass: 003/006 | Time: 1:05:25 | Avg MSE: 257.893706 | Params: iter=210, depth=2, lr=0.060000, min=3, sub=0.925000
Pass: 004/006 | Time: 1:07:20 | Avg MSE: 256.106582 | Params: iter=225, depth=2, lr=0.055000, min=2, sub=0.925000
Pass: 005/006 | Time: 1:09:16 | Avg MSE: 257.823026 | Params: iter=225, depth=2, lr=0.055000, min=3, sub=0.925000
Pass: 006/006 | Time: 1:11:13 | Avg MSE: 257.577292 | Params: iter=225, depth=2, lr=0.055000, min=4, sub=0.925000
Hyperparameter tuning complete.
