Starting two-stage hyperparameter tuning
STAGE 1: Shallow pass on all 217 parameter combinations
Pass: 001/217 | Time: 0:00:29 | Avg MSE: 385.835459 | Params: iter=225, depth=2, lr=0.060000, min=4, sub=0.870000, maxBin=32, minInfoGain=0.010000
Pass: 002/217 | Time: 0:00:44 | Avg MSE: 373.143016 | Params: iter=125, depth=2, lr=0.040000, min=8, sub=0.600000, maxBin=32, minInfoGain=0.010000
Pass: 003/217 | Time: 0:00:58 | Avg MSE: 373.131310 | Params: iter=125, depth=2, lr=0.040000, min=8, sub=0.700000, maxBin=32, minInfoGain=0.010000
Pass: 004/217 | Time: 0:01:10 | Avg MSE: 369.301806 | Params: iter=125, depth=2, lr=0.040000, min=8, sub=0.800000, maxBin=32, minInfoGain=0.010000
Pass: 005/217 | Time: 0:01:23 | Avg MSE: 378.641652 | Params: iter=125, depth=2, lr=0.040000, min=12, sub=0.600000, maxBin=32, minInfoGain=0.010000
Pass: 006/217 | Time: 0:01:36 | Avg MSE: 371.903030 | Params: iter=125, depth=2, lr=0.040000, min=12, sub=0.700000, maxBin=32, minInfoGain=0.010000
Pass: 007/217 | Time: 0:01:50 | Avg MSE: 369.287102 | Params: iter=125, depth=2, lr=0.040000, min=12, sub=0.800000, maxBin=32, minInfoGain=0.010000
Pass: 008/217 | Time: 0:02:03 | Avg MSE: 376.303196 | Params: iter=125, depth=2, lr=0.040000, min=16, sub=0.600000, maxBin=32, minInfoGain=0.010000
Pass: 009/217 | Time: 0:02:16 | Avg MSE: 371.775135 | Params: iter=125, depth=2, lr=0.040000, min=16, sub=0.700000, maxBin=32, minInfoGain=0.010000
Pass: 010/217 | Time: 0:02:29 | Avg MSE: 369.271387 | Params: iter=125, depth=2, lr=0.040000, min=16, sub=0.800000, maxBin=32, minInfoGain=0.010000
Pass: 011/217 | Time: 0:02:43 | Avg MSE: 373.946843 | Params: iter=125, depth=2, lr=0.040000, min=24, sub=0.600000, maxBin=32, minInfoGain=0.010000
Pass: 012/217 | Time: 0:02:56 | Avg MSE: 367.601760 | Params: iter=125, depth=2, lr=0.040000, min=24, sub=0.700000, maxBin=32, minInfoGain=0.010000
Pass: 013/217 | Time: 0:03:09 | Avg MSE: 369.327174 | Params: iter=125, depth=2, lr=0.040000, min=24, sub=0.800000, maxBin=32, minInfoGain=0.010000
Pass: 014/217 | Time: 0:03:22 | Avg MSE: 382.130606 | Params: iter=125, depth=2, lr=0.050000, min=8, sub=0.600000, maxBin=32, minInfoGain=0.010000
Pass: 015/217 | Time: 0:03:35 | Avg MSE: 380.264433 | Params: iter=125, depth=2, lr=0.050000, min=8, sub=0.700000, maxBin=32, minInfoGain=0.010000
Pass: 016/217 | Time: 0:03:48 | Avg MSE: 370.547739 | Params: iter=125, depth=2, lr=0.050000, min=8, sub=0.800000, maxBin=32, minInfoGain=0.010000
Pass: 017/217 | Time: 0:04:01 | Avg MSE: 378.740548 | Params: iter=125, depth=2, lr=0.050000, min=12, sub=0.600000, maxBin=32, minInfoGain=0.010000
Pass: 018/217 | Time: 0:04:14 | Avg MSE: 370.072279 | Params: iter=125, depth=2, lr=0.050000, min=12, sub=0.700000, maxBin=32, minInfoGain=0.010000
Pass: 019/217 | Time: 0:04:27 | Avg MSE: 370.190797 | Params: iter=125, depth=2, lr=0.050000, min=12, sub=0.800000, maxBin=32, minInfoGain=0.010000
Pass: 020/217 | Time: 0:04:40 | Avg MSE: 380.389971 | Params: iter=125, depth=2, lr=0.050000, min=16, sub=0.600000, maxBin=32, minInfoGain=0.010000
Pass: 021/217 | Time: 0:04:55 | Avg MSE: 376.977550 | Params: iter=125, depth=2, lr=0.050000, min=16, sub=0.700000, maxBin=32, minInfoGain=0.010000
Pass: 022/217 | Time: 0:05:08 | Avg MSE: 372.493643 | Params: iter=125, depth=2, lr=0.050000, min=16, sub=0.800000, maxBin=32, minInfoGain=0.010000
Pass: 023/217 | Time: 0:05:21 | Avg MSE: 379.404389 | Params: iter=125, depth=2, lr=0.050000, min=24, sub=0.600000, maxBin=32, minInfoGain=0.010000
Pass: 024/217 | Time: 0:05:34 | Avg MSE: 372.524205 | Params: iter=125, depth=2, lr=0.050000, min=24, sub=0.700000, maxBin=32, minInfoGain=0.010000
Pass: 025/217 | Time: 0:05:46 | Avg MSE: 366.102524 | Params: iter=125, depth=2, lr=0.050000, min=24, sub=0.800000, maxBin=32, minInfoGain=0.010000
Pass: 026/217 | Time: 0:05:59 | Avg MSE: 384.123063 | Params: iter=125, depth=2, lr=0.060000, min=8, sub=0.600000, maxBin=32, minInfoGain=0.010000
Pass: 027/217 | Time: 0:06:11 | Avg MSE: 372.793831 | Params: iter=125, depth=2, lr=0.060000, min=8, sub=0.700000, maxBin=32, minInfoGain=0.010000
Pass: 028/217 | Time: 0:06:25 | Avg MSE: 379.154672 | Params: iter=125, depth=2, lr=0.060000, min=8, sub=0.800000, maxBin=32, minInfoGain=0.010000
Pass: 029/217 | Time: 0:06:38 | Avg MSE: 380.086629 | Params: iter=125, depth=2, lr=0.060000, min=12, sub=0.600000, maxBin=32, minInfoGain=0.010000
Pass: 030/217 | Time: 0:06:51 | Avg MSE: 374.143599 | Params: iter=125, depth=2, lr=0.060000, min=12, sub=0.700000, maxBin=32, minInfoGain=0.010000
Pass: 031/217 | Time: 0:07:04 | Avg MSE: 376.762099 | Params: iter=125, depth=2, lr=0.060000, min=12, sub=0.800000, maxBin=32, minInfoGain=0.010000
Pass: 032/217 | Time: 0:07:17 | Avg MSE: 381.243463 | Params: iter=125, depth=2, lr=0.060000, min=16, sub=0.600000, maxBin=32, minInfoGain=0.010000
Pass: 033/217 | Time: 0:07:31 | Avg MSE: 373.047503 | Params: iter=125, depth=2, lr=0.060000, min=16, sub=0.700000, maxBin=32, minInfoGain=0.010000
Pass: 034/217 | Time: 0:07:44 | Avg MSE: 372.753763 | Params: iter=125, depth=2, lr=0.060000, min=16, sub=0.800000, maxBin=32, minInfoGain=0.010000
Pass: 035/217 | Time: 0:07:58 | Avg MSE: 384.124960 | Params: iter=125, depth=2, lr=0.060000, min=24, sub=0.600000, maxBin=32, minInfoGain=0.010000
Pass: 036/217 | Time: 0:08:10 | Avg MSE: 374.293746 | Params: iter=125, depth=2, lr=0.060000, min=24, sub=0.700000, maxBin=32, minInfoGain=0.010000
Pass: 037/217 | Time: 0:08:23 | Avg MSE: 369.834817 | Params: iter=125, depth=2, lr=0.060000, min=24, sub=0.800000, maxBin=32, minInfoGain=0.010000
Pass: 038/217 | Time: 0:08:42 | Avg MSE: 395.470171 | Params: iter=125, depth=3, lr=0.040000, min=8, sub=0.600000, maxBin=32, minInfoGain=0.010000
Pass: 039/217 | Time: 0:09:02 | Avg MSE: 391.858687 | Params: iter=125, depth=3, lr=0.040000, min=8, sub=0.700000, maxBin=32, minInfoGain=0.010000
Pass: 040/217 | Time: 0:09:21 | Avg MSE: 388.771416 | Params: iter=125, depth=3, lr=0.040000, min=8, sub=0.800000, maxBin=32, minInfoGain=0.010000
Pass: 041/217 | Time: 0:09:41 | Avg MSE: 418.744053 | Params: iter=125, depth=3, lr=0.040000, min=12, sub=0.600000, maxBin=32, minInfoGain=0.010000
Pass: 042/217 | Time: 0:10:01 | Avg MSE: 389.899610 | Params: iter=125, depth=3, lr=0.040000, min=12, sub=0.700000, maxBin=32, minInfoGain=0.010000
Pass: 043/217 | Time: 0:10:20 | Avg MSE: 386.996912 | Params: iter=125, depth=3, lr=0.040000, min=12, sub=0.800000, maxBin=32, minInfoGain=0.010000
Pass: 044/217 | Time: 0:10:39 | Avg MSE: 395.477766 | Params: iter=125, depth=3, lr=0.040000, min=16, sub=0.600000, maxBin=32, minInfoGain=0.010000
Pass: 045/217 | Time: 0:10:58 | Avg MSE: 387.975359 | Params: iter=125, depth=3, lr=0.040000, min=16, sub=0.700000, maxBin=32, minInfoGain=0.010000
Pass: 046/217 | Time: 0:11:18 | Avg MSE: 392.125793 | Params: iter=125, depth=3, lr=0.040000, min=16, sub=0.800000, maxBin=32, minInfoGain=0.010000
Pass: 047/217 | Time: 0:11:36 | Avg MSE: 402.557860 | Params: iter=125, depth=3, lr=0.040000, min=24, sub=0.600000, maxBin=32, minInfoGain=0.010000
Pass: 048/217 | Time: 0:11:56 | Avg MSE: 387.410158 | Params: iter=125, depth=3, lr=0.040000, min=24, sub=0.700000, maxBin=32, minInfoGain=0.010000
Pass: 049/217 | Time: 0:12:17 | Avg MSE: 379.349195 | Params: iter=125, depth=3, lr=0.040000, min=24, sub=0.800000, maxBin=32, minInfoGain=0.010000
Pass: 050/217 | Time: 0:12:35 | Avg MSE: 413.999312 | Params: iter=125, depth=3, lr=0.050000, min=8, sub=0.600000, maxBin=32, minInfoGain=0.010000
Pass: 051/217 | Time: 0:12:54 | Avg MSE: 400.105711 | Params: iter=125, depth=3, lr=0.050000, min=8, sub=0.700000, maxBin=32, minInfoGain=0.010000
Pass: 052/217 | Time: 0:13:14 | Avg MSE: 386.598303 | Params: iter=125, depth=3, lr=0.050000, min=8, sub=0.800000, maxBin=32, minInfoGain=0.010000
Pass: 053/217 | Time: 0:13:33 | Avg MSE: 409.745951 | Params: iter=125, depth=3, lr=0.050000, min=12, sub=0.600000, maxBin=32, minInfoGain=0.010000
Pass: 054/217 | Time: 0:13:52 | Avg MSE: 399.762980 | Params: iter=125, depth=3, lr=0.050000, min=12, sub=0.700000, maxBin=32, minInfoGain=0.010000
Pass: 055/217 | Time: 0:14:12 | Avg MSE: 397.367433 | Params: iter=125, depth=3, lr=0.050000, min=12, sub=0.800000, maxBin=32, minInfoGain=0.010000
Pass: 056/217 | Time: 0:14:34 | Avg MSE: 405.353224 | Params: iter=125, depth=3, lr=0.050000, min=16, sub=0.600000, maxBin=32, minInfoGain=0.010000
Pass: 057/217 | Time: 0:14:55 | Avg MSE: 387.567784 | Params: iter=125, depth=3, lr=0.050000, min=16, sub=0.700000, maxBin=32, minInfoGain=0.010000
Pass: 058/217 | Time: 0:15:16 | Avg MSE: 390.245226 | Params: iter=125, depth=3, lr=0.050000, min=16, sub=0.800000, maxBin=32, minInfoGain=0.010000
Pass: 059/217 | Time: 0:15:36 | Avg MSE: 403.955989 | Params: iter=125, depth=3, lr=0.050000, min=24, sub=0.600000, maxBin=32, minInfoGain=0.010000
Pass: 060/217 | Time: 0:15:57 | Avg MSE: 390.959519 | Params: iter=125, depth=3, lr=0.050000, min=24, sub=0.700000, maxBin=32, minInfoGain=0.010000
Pass: 061/217 | Time: 0:16:18 | Avg MSE: 392.569044 | Params: iter=125, depth=3, lr=0.050000, min=24, sub=0.800000, maxBin=32, minInfoGain=0.010000
Pass: 062/217 | Time: 0:16:39 | Avg MSE: 425.738712 | Params: iter=125, depth=3, lr=0.060000, min=8, sub=0.600000, maxBin=32, minInfoGain=0.010000
Pass: 063/217 | Time: 0:16:59 | Avg MSE: 419.671329 | Params: iter=125, depth=3, lr=0.060000, min=8, sub=0.700000, maxBin=32, minInfoGain=0.010000
Pass: 064/217 | Time: 0:17:19 | Avg MSE: 395.501938 | Params: iter=125, depth=3, lr=0.060000, min=8, sub=0.800000, maxBin=32, minInfoGain=0.010000
Pass: 065/217 | Time: 0:17:39 | Avg MSE: 409.675268 | Params: iter=125, depth=3, lr=0.060000, min=12, sub=0.600000, maxBin=32, minInfoGain=0.010000
Pass: 066/217 | Time: 0:17:59 | Avg MSE: 427.509462 | Params: iter=125, depth=3, lr=0.060000, min=12, sub=0.700000, maxBin=32, minInfoGain=0.010000
Pass: 067/217 | Time: 0:18:18 | Avg MSE: 404.515572 | Params: iter=125, depth=3, lr=0.060000, min=12, sub=0.800000, maxBin=32, minInfoGain=0.010000
Pass: 068/217 | Time: 0:18:41 | Avg MSE: 415.654710 | Params: iter=125, depth=3, lr=0.060000, min=16, sub=0.600000, maxBin=32, minInfoGain=0.010000
Pass: 069/217 | Time: 0:18:59 | Avg MSE: 404.706804 | Params: iter=125, depth=3, lr=0.060000, min=16, sub=0.700000, maxBin=32, minInfoGain=0.010000
Pass: 070/217 | Time: 0:19:18 | Avg MSE: 414.383037 | Params: iter=125, depth=3, lr=0.060000, min=16, sub=0.800000, maxBin=32, minInfoGain=0.010000
Pass: 071/217 | Time: 0:19:37 | Avg MSE: 408.156225 | Params: iter=125, depth=3, lr=0.060000, min=24, sub=0.600000, maxBin=32, minInfoGain=0.010000
Pass: 072/217 | Time: 0:19:56 | Avg MSE: 397.578627 | Params: iter=125, depth=3, lr=0.060000, min=24, sub=0.700000, maxBin=32, minInfoGain=0.010000
Pass: 073/217 | Time: 0:20:16 | Avg MSE: 393.213634 | Params: iter=125, depth=3, lr=0.060000, min=24, sub=0.800000, maxBin=32, minInfoGain=0.010000
Pass: 074/217 | Time: 0:20:31 | Avg MSE: 378.924415 | Params: iter=150, depth=2, lr=0.040000, min=8, sub=0.600000, maxBin=32, minInfoGain=0.010000
Pass: 075/217 | Time: 0:20:48 | Avg MSE: 376.364568 | Params: iter=150, depth=2, lr=0.040000, min=8, sub=0.700000, maxBin=32, minInfoGain=0.010000
Pass: 076/217 | Time: 0:21:03 | Avg MSE: 370.657052 | Params: iter=150, depth=2, lr=0.040000, min=8, sub=0.800000, maxBin=32, minInfoGain=0.010000
Pass: 077/217 | Time: 0:21:19 | Avg MSE: 380.700869 | Params: iter=150, depth=2, lr=0.040000, min=12, sub=0.600000, maxBin=32, minInfoGain=0.010000
Pass: 078/217 | Time: 0:21:34 | Avg MSE: 375.606028 | Params: iter=150, depth=2, lr=0.040000, min=12, sub=0.700000, maxBin=32, minInfoGain=0.010000
Pass: 079/217 | Time: 0:21:48 | Avg MSE: 372.165662 | Params: iter=150, depth=2, lr=0.040000, min=12, sub=0.800000, maxBin=32, minInfoGain=0.010000
Pass: 080/217 | Time: 0:22:03 | Avg MSE: 382.648651 | Params: iter=150, depth=2, lr=0.040000, min=16, sub=0.600000, maxBin=32, minInfoGain=0.010000
Pass: 081/217 | Time: 0:22:18 | Avg MSE: 373.761828 | Params: iter=150, depth=2, lr=0.040000, min=16, sub=0.700000, maxBin=32, minInfoGain=0.010000
Pass: 082/217 | Time: 0:22:33 | Avg MSE: 373.198864 | Params: iter=150, depth=2, lr=0.040000, min=16, sub=0.800000, maxBin=32, minInfoGain=0.010000
Pass: 083/217 | Time: 0:22:49 | Avg MSE: 380.517810 | Params: iter=150, depth=2, lr=0.040000, min=24, sub=0.600000, maxBin=32, minInfoGain=0.010000
Pass: 084/217 | Time: 0:23:04 | Avg MSE: 368.134554 | Params: iter=150, depth=2, lr=0.040000, min=24, sub=0.700000, maxBin=32, minInfoGain=0.010000
Pass: 085/217 | Time: 0:23:19 | Avg MSE: 372.329707 | Params: iter=150, depth=2, lr=0.040000, min=24, sub=0.800000, maxBin=32, minInfoGain=0.010000
Pass: 086/217 | Time: 0:23:35 | Avg MSE: 391.629356 | Params: iter=150, depth=2, lr=0.050000, min=8, sub=0.600000, maxBin=32, minInfoGain=0.010000
Pass: 087/217 | Time: 0:23:51 | Avg MSE: 384.683041 | Params: iter=150, depth=2, lr=0.050000, min=8, sub=0.700000, maxBin=32, minInfoGain=0.010000
Pass: 088/217 | Time: 0:24:05 | Avg MSE: 371.370870 | Params: iter=150, depth=2, lr=0.050000, min=8, sub=0.800000, maxBin=32, minInfoGain=0.010000
Pass: 089/217 | Time: 0:24:20 | Avg MSE: 386.241421 | Params: iter=150, depth=2, lr=0.050000, min=12, sub=0.600000, maxBin=32, minInfoGain=0.010000
Pass: 090/217 | Time: 0:24:36 | Avg MSE: 373.409756 | Params: iter=150, depth=2, lr=0.050000, min=12, sub=0.700000, maxBin=32, minInfoGain=0.010000
Pass: 091/217 | Time: 0:24:51 | Avg MSE: 373.290585 | Params: iter=150, depth=2, lr=0.050000, min=12, sub=0.800000, maxBin=32, minInfoGain=0.010000
Pass: 092/217 | Time: 0:25:06 | Avg MSE: 383.089386 | Params: iter=150, depth=2, lr=0.050000, min=16, sub=0.600000, maxBin=32, minInfoGain=0.010000
Pass: 093/217 | Time: 0:25:21 | Avg MSE: 377.681512 | Params: iter=150, depth=2, lr=0.050000, min=16, sub=0.700000, maxBin=32, minInfoGain=0.010000
Pass: 094/217 | Time: 0:25:37 | Avg MSE: 374.683633 | Params: iter=150, depth=2, lr=0.050000, min=16, sub=0.800000, maxBin=32, minInfoGain=0.010000
Pass: 095/217 | Time: 0:25:53 | Avg MSE: 381.930423 | Params: iter=150, depth=2, lr=0.050000, min=24, sub=0.600000, maxBin=32, minInfoGain=0.010000
Pass: 096/217 | Time: 0:28:35 | Avg MSE: 375.494680 | Params: iter=150, depth=2, lr=0.050000, min=24, sub=0.700000, maxBin=32, minInfoGain=0.010000
Pass: 097/217 | Time: 0:28:50 | Avg MSE: 369.482838 | Params: iter=150, depth=2, lr=0.050000, min=24, sub=0.800000, maxBin=32, minInfoGain=0.010000
Pass: 098/217 | Time: 0:29:05 | Avg MSE: 392.030773 | Params: iter=150, depth=2, lr=0.060000, min=8, sub=0.600000, maxBin=32, minInfoGain=0.010000
Pass: 099/217 | Time: 0:29:21 | Avg MSE: 376.708770 | Params: iter=150, depth=2, lr=0.060000, min=8, sub=0.700000, maxBin=32, minInfoGain=0.010000
Pass: 100/217 | Time: 0:33:16 | Avg MSE: 381.548913 | Params: iter=150, depth=2, lr=0.060000, min=8, sub=0.800000, maxBin=32, minInfoGain=0.010000
Pass: 101/217 | Time: 0:33:33 | Avg MSE: 388.407633 | Params: iter=150, depth=2, lr=0.060000, min=12, sub=0.600000, maxBin=32, minInfoGain=0.010000
Pass: 102/217 | Time: 0:33:48 | Avg MSE: 378.480215 | Params: iter=150, depth=2, lr=0.060000, min=12, sub=0.700000, maxBin=32, minInfoGain=0.010000
Pass: 103/217 | Time: 0:34:04 | Avg MSE: 375.855015 | Params: iter=150, depth=2, lr=0.060000, min=12, sub=0.800000, maxBin=32, minInfoGain=0.010000
Pass: 104/217 | Time: 0:34:19 | Avg MSE: 385.913577 | Params: iter=150, depth=2, lr=0.060000, min=16, sub=0.600000, maxBin=32, minInfoGain=0.010000
Pass: 105/217 | Time: 0:34:34 | Avg MSE: 377.034784 | Params: iter=150, depth=2, lr=0.060000, min=16, sub=0.700000, maxBin=32, minInfoGain=0.010000
Pass: 106/217 | Time: 0:36:59 | Avg MSE: 376.184839 | Params: iter=150, depth=2, lr=0.060000, min=16, sub=0.800000, maxBin=32, minInfoGain=0.010000
Pass: 107/217 | Time: 0:37:16 | Avg MSE: 385.717450 | Params: iter=150, depth=2, lr=0.060000, min=24, sub=0.600000, maxBin=32, minInfoGain=0.010000
Pass: 108/217 | Time: 0:37:32 | Avg MSE: 378.822474 | Params: iter=150, depth=2, lr=0.060000, min=24, sub=0.700000, maxBin=32, minInfoGain=0.010000
Pass: 109/217 | Time: 0:37:47 | Avg MSE: 374.825214 | Params: iter=150, depth=2, lr=0.060000, min=24, sub=0.800000, maxBin=32, minInfoGain=0.010000
Pass: 110/217 | Time: 0:38:12 | Avg MSE: 401.899971 | Params: iter=150, depth=3, lr=0.040000, min=8, sub=0.600000, maxBin=32, minInfoGain=0.010000
Pass: 111/217 | Time: 0:38:35 | Avg MSE: 398.662692 | Params: iter=150, depth=3, lr=0.040000, min=8, sub=0.700000, maxBin=32, minInfoGain=0.010000
Pass: 112/217 | Time: 0:38:58 | Avg MSE: 392.750791 | Params: iter=150, depth=3, lr=0.040000, min=8, sub=0.800000, maxBin=32, minInfoGain=0.010000
Pass: 113/217 | Time: 0:39:22 | Avg MSE: 416.125875 | Params: iter=150, depth=3, lr=0.040000, min=12, sub=0.600000, maxBin=32, minInfoGain=0.010000
Pass: 114/217 | Time: 0:39:45 | Avg MSE: 395.999267 | Params: iter=150, depth=3, lr=0.040000, min=12, sub=0.700000, maxBin=32, minInfoGain=0.010000
Pass: 115/217 | Time: 0:40:09 | Avg MSE: 389.207193 | Params: iter=150, depth=3, lr=0.040000, min=12, sub=0.800000, maxBin=32, minInfoGain=0.010000
Pass: 116/217 | Time: 0:40:33 | Avg MSE: 397.326245 | Params: iter=150, depth=3, lr=0.040000, min=16, sub=0.600000, maxBin=32, minInfoGain=0.010000
Pass: 117/217 | Time: 0:40:57 | Avg MSE: 393.979534 | Params: iter=150, depth=3, lr=0.040000, min=16, sub=0.700000, maxBin=32, minInfoGain=0.010000
Pass: 118/217 | Time: 0:41:20 | Avg MSE: 395.236943 | Params: iter=150, depth=3, lr=0.040000, min=16, sub=0.800000, maxBin=32, minInfoGain=0.010000
Pass: 119/217 | Time: 0:41:43 | Avg MSE: 403.648519 | Params: iter=150, depth=3, lr=0.040000, min=24, sub=0.600000, maxBin=32, minInfoGain=0.010000
Pass: 120/217 | Time: 0:42:06 | Avg MSE: 394.161478 | Params: iter=150, depth=3, lr=0.040000, min=24, sub=0.700000, maxBin=32, minInfoGain=0.010000
Pass: 121/217 | Time: 0:42:29 | Avg MSE: 381.790058 | Params: iter=150, depth=3, lr=0.040000, min=24, sub=0.800000, maxBin=32, minInfoGain=0.010000
Pass: 122/217 | Time: 0:42:53 | Avg MSE: 416.786174 | Params: iter=150, depth=3, lr=0.050000, min=8, sub=0.600000, maxBin=32, minInfoGain=0.010000
Pass: 123/217 | Time: 0:43:16 | Avg MSE: 404.553940 | Params: iter=150, depth=3, lr=0.050000, min=8, sub=0.700000, maxBin=32, minInfoGain=0.010000
Pass: 124/217 | Time: 0:43:40 | Avg MSE: 389.209510 | Params: iter=150, depth=3, lr=0.050000, min=8, sub=0.800000, maxBin=32, minInfoGain=0.010000
Pass: 125/217 | Time: 0:44:03 | Avg MSE: 412.699035 | Params: iter=150, depth=3, lr=0.050000, min=12, sub=0.600000, maxBin=32, minInfoGain=0.010000
Pass: 126/217 | Time: 0:44:25 | Avg MSE: 403.369101 | Params: iter=150, depth=3, lr=0.050000, min=12, sub=0.700000, maxBin=32, minInfoGain=0.010000
Pass: 127/217 | Time: 0:44:48 | Avg MSE: 404.835252 | Params: iter=150, depth=3, lr=0.050000, min=12, sub=0.800000, maxBin=32, minInfoGain=0.010000
Pass: 128/217 | Time: 0:45:11 | Avg MSE: 406.654116 | Params: iter=150, depth=3, lr=0.050000, min=16, sub=0.600000, maxBin=32, minInfoGain=0.010000
Pass: 129/217 | Time: 0:45:34 | Avg MSE: 396.729777 | Params: iter=150, depth=3, lr=0.050000, min=16, sub=0.700000, maxBin=32, minInfoGain=0.010000
Pass: 130/217 | Time: 0:45:57 | Avg MSE: 392.333912 | Params: iter=150, depth=3, lr=0.050000, min=16, sub=0.800000, maxBin=32, minInfoGain=0.010000
Pass: 131/217 | Time: 0:46:20 | Avg MSE: 405.074743 | Params: iter=150, depth=3, lr=0.050000, min=24, sub=0.600000, maxBin=32, minInfoGain=0.010000
Pass: 132/217 | Time: 0:46:42 | Avg MSE: 402.893988 | Params: iter=150, depth=3, lr=0.050000, min=24, sub=0.700000, maxBin=32, minInfoGain=0.010000
Pass: 133/217 | Time: 0:47:06 | Avg MSE: 394.393612 | Params: iter=150, depth=3, lr=0.050000, min=24, sub=0.800000, maxBin=32, minInfoGain=0.010000
Pass: 134/217 | Time: 0:47:30 | Avg MSE: 426.881396 | Params: iter=150, depth=3, lr=0.060000, min=8, sub=0.600000, maxBin=32, minInfoGain=0.010000
Pass: 135/217 | Time: 0:47:54 | Avg MSE: 421.818517 | Params: iter=150, depth=3, lr=0.060000, min=8, sub=0.700000, maxBin=32, minInfoGain=0.010000
Pass: 136/217 | Time: 0:48:17 | Avg MSE: 398.190413 | Params: iter=150, depth=3, lr=0.060000, min=8, sub=0.800000, maxBin=32, minInfoGain=0.010000
Pass: 137/217 | Time: 0:48:41 | Avg MSE: 414.416537 | Params: iter=150, depth=3, lr=0.060000, min=12, sub=0.600000, maxBin=32, minInfoGain=0.010000
Pass: 138/217 | Time: 0:49:05 | Avg MSE: 434.384776 | Params: iter=150, depth=3, lr=0.060000, min=12, sub=0.700000, maxBin=32, minInfoGain=0.010000
Pass: 139/217 | Time: 0:49:30 | Avg MSE: 409.321956 | Params: iter=150, depth=3, lr=0.060000, min=12, sub=0.800000, maxBin=32, minInfoGain=0.010000
Pass: 140/217 | Time: 0:49:54 | Avg MSE: 418.466368 | Params: iter=150, depth=3, lr=0.060000, min=16, sub=0.600000, maxBin=32, minInfoGain=0.010000
Pass: 141/217 | Time: 0:50:17 | Avg MSE: 413.541414 | Params: iter=150, depth=3, lr=0.060000, min=16, sub=0.700000, maxBin=32, minInfoGain=0.010000
Pass: 142/217 | Time: 0:50:40 | Avg MSE: 418.985705 | Params: iter=150, depth=3, lr=0.060000, min=16, sub=0.800000, maxBin=32, minInfoGain=0.010000
Pass: 143/217 | Time: 0:51:03 | Avg MSE: 414.552637 | Params: iter=150, depth=3, lr=0.060000, min=24, sub=0.600000, maxBin=32, minInfoGain=0.010000
Pass: 144/217 | Time: 0:52:37 | Avg MSE: 403.615481 | Params: iter=150, depth=3, lr=0.060000, min=24, sub=0.700000, maxBin=32, minInfoGain=0.010000
Pass: 145/217 | Time: 0:53:00 | Avg MSE: 396.783708 | Params: iter=150, depth=3, lr=0.060000, min=24, sub=0.800000, maxBin=32, minInfoGain=0.010000
Pass: 146/217 | Time: 0:53:24 | Avg MSE: 378.509715 | Params: iter=175, depth=2, lr=0.040000, min=8, sub=0.600000, maxBin=32, minInfoGain=0.010000
Pass: 147/217 | Time: 0:53:46 | Avg MSE: 375.297070 | Params: iter=175, depth=2, lr=0.040000, min=8, sub=0.700000, maxBin=32, minInfoGain=0.010000
Pass: 148/217 | Time: 0:54:10 | Avg MSE: 374.313641 | Params: iter=175, depth=2, lr=0.040000, min=8, sub=0.800000, maxBin=32, minInfoGain=0.010000
Pass: 149/217 | Time: 0:54:31 | Avg MSE: 384.548669 | Params: iter=175, depth=2, lr=0.040000, min=12, sub=0.600000, maxBin=32, minInfoGain=0.010000
Pass: 150/217 | Time: 0:54:52 | Avg MSE: 374.021449 | Params: iter=175, depth=2, lr=0.040000, min=12, sub=0.700000, maxBin=32, minInfoGain=0.010000
Pass: 151/217 | Time: 0:55:11 | Avg MSE: 372.488642 | Params: iter=175, depth=2, lr=0.040000, min=12, sub=0.800000, maxBin=32, minInfoGain=0.010000
Pass: 152/217 | Time: 0:55:30 | Avg MSE: 384.050177 | Params: iter=175, depth=2, lr=0.040000, min=16, sub=0.600000, maxBin=32, minInfoGain=0.010000
Pass: 153/217 | Time: 0:55:48 | Avg MSE: 371.638425 | Params: iter=175, depth=2, lr=0.040000, min=16, sub=0.700000, maxBin=32, minInfoGain=0.010000
Pass: 154/217 | Time: 0:56:06 | Avg MSE: 374.763533 | Params: iter=175, depth=2, lr=0.040000, min=16, sub=0.800000, maxBin=32, minInfoGain=0.010000
Pass: 155/217 | Time: 0:56:26 | Avg MSE: 382.561755 | Params: iter=175, depth=2, lr=0.040000, min=24, sub=0.600000, maxBin=32, minInfoGain=0.010000
Pass: 156/217 | Time: 0:56:44 | Avg MSE: 369.493159 | Params: iter=175, depth=2, lr=0.040000, min=24, sub=0.700000, maxBin=32, minInfoGain=0.010000
Pass: 157/217 | Time: 0:57:02 | Avg MSE: 374.366103 | Params: iter=175, depth=2, lr=0.040000, min=24, sub=0.800000, maxBin=32, minInfoGain=0.010000
Pass: 158/217 | Time: 0:57:21 | Avg MSE: 393.287046 | Params: iter=175, depth=2, lr=0.050000, min=8, sub=0.600000, maxBin=32, minInfoGain=0.010000
Pass: 159/217 | Time: 0:57:39 | Avg MSE: 381.379767 | Params: iter=175, depth=2, lr=0.050000, min=8, sub=0.700000, maxBin=32, minInfoGain=0.010000
Pass: 160/217 | Time: 0:57:58 | Avg MSE: 376.509393 | Params: iter=175, depth=2, lr=0.050000, min=8, sub=0.800000, maxBin=32, minInfoGain=0.010000
Pass: 161/217 | Time: 0:58:17 | Avg MSE: 388.740471 | Params: iter=175, depth=2, lr=0.050000, min=12, sub=0.600000, maxBin=32, minInfoGain=0.010000
Pass: 162/217 | Time: 0:58:36 | Avg MSE: 374.176980 | Params: iter=175, depth=2, lr=0.050000, min=12, sub=0.700000, maxBin=32, minInfoGain=0.010000
Pass: 163/217 | Time: 0:58:55 | Avg MSE: 376.452560 | Params: iter=175, depth=2, lr=0.050000, min=12, sub=0.800000, maxBin=32, minInfoGain=0.010000
Pass: 164/217 | Time: 0:59:14 | Avg MSE: 382.124598 | Params: iter=175, depth=2, lr=0.050000, min=16, sub=0.600000, maxBin=32, minInfoGain=0.010000
Pass: 165/217 | Time: 0:59:33 | Avg MSE: 377.899216 | Params: iter=175, depth=2, lr=0.050000, min=16, sub=0.700000, maxBin=32, minInfoGain=0.010000
Pass: 166/217 | Time: 0:59:51 | Avg MSE: 378.510533 | Params: iter=175, depth=2, lr=0.050000, min=16, sub=0.800000, maxBin=32, minInfoGain=0.010000
Pass: 167/217 | Time: 1:00:08 | Avg MSE: 382.997236 | Params: iter=175, depth=2, lr=0.050000, min=24, sub=0.600000, maxBin=32, minInfoGain=0.010000
Pass: 168/217 | Time: 1:00:26 | Avg MSE: 376.021367 | Params: iter=175, depth=2, lr=0.050000, min=24, sub=0.700000, maxBin=32, minInfoGain=0.010000
Pass: 169/217 | Time: 1:00:44 | Avg MSE: 372.158438 | Params: iter=175, depth=2, lr=0.050000, min=24, sub=0.800000, maxBin=32, minInfoGain=0.010000
Pass: 170/217 | Time: 1:01:03 | Avg MSE: 394.274727 | Params: iter=175, depth=2, lr=0.060000, min=8, sub=0.600000, maxBin=32, minInfoGain=0.010000
Pass: 171/217 | Time: 1:01:21 | Avg MSE: 377.001276 | Params: iter=175, depth=2, lr=0.060000, min=8, sub=0.700000, maxBin=32, minInfoGain=0.010000
Pass: 172/217 | Time: 1:01:39 | Avg MSE: 385.831944 | Params: iter=175, depth=2, lr=0.060000, min=8, sub=0.800000, maxBin=32, minInfoGain=0.010000
Pass: 173/217 | Time: 1:01:58 | Avg MSE: 389.300696 | Params: iter=175, depth=2, lr=0.060000, min=12, sub=0.600000, maxBin=32, minInfoGain=0.010000
Pass: 174/217 | Time: 1:02:17 | Avg MSE: 379.737179 | Params: iter=175, depth=2, lr=0.060000, min=12, sub=0.700000, maxBin=32, minInfoGain=0.010000
Pass: 175/217 | Time: 1:02:35 | Avg MSE: 377.079786 | Params: iter=175, depth=2, lr=0.060000, min=12, sub=0.800000, maxBin=32, minInfoGain=0.010000
Pass: 176/217 | Time: 1:02:54 | Avg MSE: 389.523617 | Params: iter=175, depth=2, lr=0.060000, min=16, sub=0.600000, maxBin=32, minInfoGain=0.010000
Pass: 177/217 | Time: 1:03:12 | Avg MSE: 378.825362 | Params: iter=175, depth=2, lr=0.060000, min=16, sub=0.700000, maxBin=32, minInfoGain=0.010000
Pass: 178/217 | Time: 1:03:31 | Avg MSE: 380.914477 | Params: iter=175, depth=2, lr=0.060000, min=16, sub=0.800000, maxBin=32, minInfoGain=0.010000
Pass: 179/217 | Time: 1:03:50 | Avg MSE: 389.586410 | Params: iter=175, depth=2, lr=0.060000, min=24, sub=0.600000, maxBin=32, minInfoGain=0.010000
Pass: 180/217 | Time: 1:04:09 | Avg MSE: 385.453619 | Params: iter=175, depth=2, lr=0.060000, min=24, sub=0.700000, maxBin=32, minInfoGain=0.010000
Pass: 181/217 | Time: 1:04:28 | Avg MSE: 375.904725 | Params: iter=175, depth=2, lr=0.060000, min=24, sub=0.800000, maxBin=32, minInfoGain=0.010000
Pass: 182/217 | Time: 1:04:58 | Avg MSE: 403.967649 | Params: iter=175, depth=3, lr=0.040000, min=8, sub=0.600000, maxBin=32, minInfoGain=0.010000
Pass: 183/217 | Time: 1:05:26 | Avg MSE: 402.620776 | Params: iter=175, depth=3, lr=0.040000, min=8, sub=0.700000, maxBin=32, minInfoGain=0.010000
Pass: 184/217 | Time: 1:05:56 | Avg MSE: 396.924565 | Params: iter=175, depth=3, lr=0.040000, min=8, sub=0.800000, maxBin=32, minInfoGain=0.010000
Pass: 185/217 | Time: 1:06:24 | Avg MSE: 423.222593 | Params: iter=175, depth=3, lr=0.040000, min=12, sub=0.600000, maxBin=32, minInfoGain=0.010000
Pass: 186/217 | Time: 1:06:52 | Avg MSE: 398.196183 | Params: iter=175, depth=3, lr=0.040000, min=12, sub=0.700000, maxBin=32, minInfoGain=0.010000
Pass: 187/217 | Time: 1:07:20 | Avg MSE: 392.488265 | Params: iter=175, depth=3, lr=0.040000, min=12, sub=0.800000, maxBin=32, minInfoGain=0.010000
Pass: 188/217 | Time: 1:07:48 | Avg MSE: 403.661650 | Params: iter=175, depth=3, lr=0.040000, min=16, sub=0.600000, maxBin=32, minInfoGain=0.010000
Pass: 189/217 | Time: 1:08:18 | Avg MSE: 394.232225 | Params: iter=175, depth=3, lr=0.040000, min=16, sub=0.700000, maxBin=32, minInfoGain=0.010000
Pass: 190/217 | Time: 1:08:47 | Avg MSE: 395.301854 | Params: iter=175, depth=3, lr=0.040000, min=16, sub=0.800000, maxBin=32, minInfoGain=0.010000
Pass: 191/217 | Time: 1:09:15 | Avg MSE: 409.316892 | Params: iter=175, depth=3, lr=0.040000, min=24, sub=0.600000, maxBin=32, minInfoGain=0.010000
Pass: 192/217 | Time: 1:09:42 | Avg MSE: 395.763644 | Params: iter=175, depth=3, lr=0.040000, min=24, sub=0.700000, maxBin=32, minInfoGain=0.010000
Pass: 193/217 | Time: 1:10:10 | Avg MSE: 385.487325 | Params: iter=175, depth=3, lr=0.040000, min=24, sub=0.800000, maxBin=32, minInfoGain=0.010000
Pass: 194/217 | Time: 1:10:40 | Avg MSE: 423.156513 | Params: iter=175, depth=3, lr=0.050000, min=8, sub=0.600000, maxBin=32, minInfoGain=0.010000
Pass: 195/217 | Time: 1:11:08 | Avg MSE: 409.079323 | Params: iter=175, depth=3, lr=0.050000, min=8, sub=0.700000, maxBin=32, minInfoGain=0.010000
Pass: 196/217 | Time: 1:11:36 | Avg MSE: 388.313669 | Params: iter=175, depth=3, lr=0.050000, min=8, sub=0.800000, maxBin=32, minInfoGain=0.010000
Pass: 197/217 | Time: 1:12:03 | Avg MSE: 419.521068 | Params: iter=175, depth=3, lr=0.050000, min=12, sub=0.600000, maxBin=32, minInfoGain=0.010000
Pass: 198/217 | Time: 1:12:31 | Avg MSE: 404.460741 | Params: iter=175, depth=3, lr=0.050000, min=12, sub=0.700000, maxBin=32, minInfoGain=0.010000
Pass: 199/217 | Time: 1:12:59 | Avg MSE: 408.574149 | Params: iter=175, depth=3, lr=0.050000, min=12, sub=0.800000, maxBin=32, minInfoGain=0.010000
Pass: 200/217 | Time: 1:13:27 | Avg MSE: 412.458543 | Params: iter=175, depth=3, lr=0.050000, min=16, sub=0.600000, maxBin=32, minInfoGain=0.010000
Pass: 201/217 | Time: 1:13:54 | Avg MSE: 400.451313 | Params: iter=175, depth=3, lr=0.050000, min=16, sub=0.700000, maxBin=32, minInfoGain=0.010000
Pass: 202/217 | Time: 1:14:22 | Avg MSE: 394.228068 | Params: iter=175, depth=3, lr=0.050000, min=16, sub=0.800000, maxBin=32, minInfoGain=0.010000
Pass: 203/217 | Time: 1:14:49 | Avg MSE: 406.644121 | Params: iter=175, depth=3, lr=0.050000, min=24, sub=0.600000, maxBin=32, minInfoGain=0.010000
Pass: 204/217 | Time: 1:15:17 | Avg MSE: 406.804713 | Params: iter=175, depth=3, lr=0.050000, min=24, sub=0.700000, maxBin=32, minInfoGain=0.010000
Pass: 205/217 | Time: 1:15:45 | Avg MSE: 395.539356 | Params: iter=175, depth=3, lr=0.050000, min=24, sub=0.800000, maxBin=32, minInfoGain=0.010000
Pass: 206/217 | Time: 1:16:13 | Avg MSE: 435.045778 | Params: iter=175, depth=3, lr=0.060000, min=8, sub=0.600000, maxBin=32, minInfoGain=0.010000
Pass: 207/217 | Time: 1:16:42 | Avg MSE: 424.789444 | Params: iter=175, depth=3, lr=0.060000, min=8, sub=0.700000, maxBin=32, minInfoGain=0.010000
Pass: 208/217 | Time: 1:17:09 | Avg MSE: 402.108125 | Params: iter=175, depth=3, lr=0.060000, min=8, sub=0.800000, maxBin=32, minInfoGain=0.010000
Pass: 209/217 | Time: 1:17:36 | Avg MSE: 422.472410 | Params: iter=175, depth=3, lr=0.060000, min=12, sub=0.600000, maxBin=32, minInfoGain=0.010000
Pass: 210/217 | Time: 1:18:04 | Avg MSE: 437.380861 | Params: iter=175, depth=3, lr=0.060000, min=12, sub=0.700000, maxBin=32, minInfoGain=0.010000
Pass: 211/217 | Time: 1:18:31 | Avg MSE: 414.281901 | Params: iter=175, depth=3, lr=0.060000, min=12, sub=0.800000, maxBin=32, minInfoGain=0.010000
Pass: 212/217 | Time: 1:19:00 | Avg MSE: 424.049216 | Params: iter=175, depth=3, lr=0.060000, min=16, sub=0.600000, maxBin=32, minInfoGain=0.010000
Pass: 213/217 | Time: 1:19:28 | Avg MSE: 414.896828 | Params: iter=175, depth=3, lr=0.060000, min=16, sub=0.700000, maxBin=32, minInfoGain=0.010000
Pass: 214/217 | Time: 1:19:58 | Avg MSE: 425.041145 | Params: iter=175, depth=3, lr=0.060000, min=16, sub=0.800000, maxBin=32, minInfoGain=0.010000
Pass: 215/217 | Time: 1:20:25 | Avg MSE: 419.322439 | Params: iter=175, depth=3, lr=0.060000, min=24, sub=0.600000, maxBin=32, minInfoGain=0.010000
Pass: 216/217 | Time: 1:20:53 | Avg MSE: 405.998883 | Params: iter=175, depth=3, lr=0.060000, min=24, sub=0.700000, maxBin=32, minInfoGain=0.010000
Pass: 217/217 | Time: 1:21:21 | Avg MSE: 404.159179 | Params: iter=175, depth=3, lr=0.060000, min=24, sub=0.800000, maxBin=32, minInfoGain=0.010000
STAGE 1 Complete. Identifying top 5 candidates
Top 5 candidates selected plus control. Starting STAGE 2: Full cross-validation.
Pass: 001/006 | Time: 1:24:49 | Avg MSE: 314.126898 | Params: iter=225, depth=2, lr=0.060000, min=4, sub=0.870000, maxBin=32, minInfoGain=0.010000
Pass: 002/006 | Time: 1:25:51 | Avg MSE: 300.250028 | Params: iter=125, depth=2, lr=0.050000, min=24, sub=0.800000, maxBin=32, minInfoGain=0.010000
Pass: 003/006 | Time: 1:26:57 | Avg MSE: 303.225240 | Params: iter=125, depth=2, lr=0.040000, min=24, sub=0.700000, maxBin=32, minInfoGain=0.010000
Pass: 004/006 | Time: 1:28:13 | Avg MSE: 303.802909 | Params: iter=150, depth=2, lr=0.040000, min=24, sub=0.700000, maxBin=32, minInfoGain=0.010000
Pass: 005/006 | Time: 1:29:15 | Avg MSE: 301.242653 | Params: iter=125, depth=2, lr=0.040000, min=16, sub=0.800000, maxBin=32, minInfoGain=0.010000
Pass: 006/006 | Time: 1:30:17 | Avg MSE: 302.261451 | Params: iter=125, depth=2, lr=0.040000, min=12, sub=0.800000, maxBin=32, minInfoGain=0.010000
Hyperparameter tuning complete.
